2022-05-28_18-13-09 [main] INFO  o.s.b.t.c.SpringBootTestContextBootstrapper - Neither @ContextConfiguration nor @ContextHierarchy found for test class [com.pms.authorization.AuthorizatiionMicroserviceApplicationTests], using SpringBootContextLoader
2022-05-28_18-13-09 [main] INFO  o.s.t.c.s.AbstractContextLoader - Could not detect default resource locations for test class [com.pms.authorization.AuthorizatiionMicroserviceApplicationTests]: no resource found for suffixes {-context.xml, Context.groovy}.
2022-05-28_18-13-09 [main] INFO  o.s.t.c.s.AnnotationConfigContextLoaderUtils - Could not detect default configuration classes for test class [com.pms.authorization.AuthorizatiionMicroserviceApplicationTests]: AuthorizatiionMicroserviceApplicationTests does not declare any static, non-private, non-final, nested classes annotated with @Configuration.
2022-05-28_18-13-09 [main] INFO  o.s.b.t.c.SpringBootTestContextBootstrapper - Found @SpringBootConfiguration com.pms.authorization.AuthorizationMicroserviceApplication for test class com.pms.authorization.AuthorizatiionMicroserviceApplicationTests
2022-05-28_18-13-09 [main] INFO  o.s.b.t.c.SpringBootTestContextBootstrapper - Loaded default TestExecutionListener class names from location [META-INF/spring.factories]: [org.springframework.security.test.context.support.WithSecurityContextTestExecutionListener, org.springframework.security.test.context.support.ReactorContextTestExecutionListener, org.springframework.test.context.web.ServletTestExecutionListener, org.springframework.test.context.support.DirtiesContextBeforeModesTestExecutionListener, org.springframework.test.context.event.ApplicationEventsTestExecutionListener, org.springframework.test.context.support.DependencyInjectionTestExecutionListener, org.springframework.test.context.support.DirtiesContextTestExecutionListener, org.springframework.test.context.transaction.TransactionalTestExecutionListener, org.springframework.test.context.jdbc.SqlScriptsTestExecutionListener, org.springframework.test.context.event.EventPublishingTestExecutionListener, org.springframework.boot.test.mock.mockito.MockitoTestExecutionListener, org.springframework.boot.test.mock.mockito.ResetMocksTestExecutionListener, org.springframework.boot.test.autoconfigure.restdocs.RestDocsTestExecutionListener, org.springframework.boot.test.autoconfigure.web.client.MockRestServiceServerResetTestExecutionListener, org.springframework.boot.test.autoconfigure.web.servlet.MockMvcPrintOnlyOnFailureTestExecutionListener, org.springframework.boot.test.autoconfigure.web.servlet.WebDriverTestExecutionListener, org.springframework.boot.test.autoconfigure.webservices.client.MockWebServiceServerTestExecutionListener]
2022-05-28_18-13-09 [main] INFO  o.s.b.t.c.SpringBootTestContextBootstrapper - Using TestExecutionListeners: [org.springframework.test.context.web.ServletTestExecutionListener@10b892d5, org.springframework.test.context.support.DirtiesContextBeforeModesTestExecutionListener@3d3f761a, org.springframework.test.context.event.ApplicationEventsTestExecutionListener@3546d80f, org.springframework.boot.test.mock.mockito.MockitoTestExecutionListener@579d011c, org.springframework.boot.test.autoconfigure.SpringBootDependencyInjectionTestExecutionListener@3670f00, org.springframework.test.context.support.DirtiesContextTestExecutionListener@452e26d0, org.springframework.test.context.transaction.TransactionalTestExecutionListener@46ab18da, org.springframework.test.context.jdbc.SqlScriptsTestExecutionListener@790174f2, org.springframework.security.test.context.support.WithSecurityContextTestExecutionListener@42257bdd, org.springframework.test.context.event.EventPublishingTestExecutionListener@7689ddef, org.springframework.security.test.context.support.ReactorContextTestExecutionListener@687a762c, org.springframework.boot.test.mock.mockito.ResetMocksTestExecutionListener@1a2e2935, org.springframework.boot.test.autoconfigure.restdocs.RestDocsTestExecutionListener@733c423e, org.springframework.boot.test.autoconfigure.web.client.MockRestServiceServerResetTestExecutionListener@4b629f13, org.springframework.boot.test.autoconfigure.web.servlet.MockMvcPrintOnlyOnFailureTestExecutionListener@70925b45, org.springframework.boot.test.autoconfigure.web.servlet.WebDriverTestExecutionListener@1b9ea3e3, org.springframework.boot.test.autoconfigure.webservices.client.MockWebServiceServerTestExecutionListener@aa22f1c]
2022-05-28_18-13-10 [main] INFO  c.p.a.AuthorizatiionMicroserviceApplicationTests - Starting AuthorizatiionMicroserviceApplicationTests using Java 15.0.2 on LAPTOP-99L8IUMB with PID 7460 (started by KRITHIGA in G:\Spring and Angular\pms-springboot-microservices\authorization-microservice)
2022-05-28_18-13-10 [main] INFO  c.p.a.AuthorizatiionMicroserviceApplicationTests - No active profile set, falling back to default profiles: default
2022-05-28_18-13-10 [main] INFO  o.s.d.r.c.RepositoryConfigurationDelegate - Bootstrapping Spring Data JPA repositories in DEFAULT mode.
2022-05-28_18-13-10 [main] INFO  o.s.d.r.c.RepositoryConfigurationDelegate - Finished Spring Data repository scanning in 85 ms. Found 1 JPA repository interfaces.
2022-05-28_18-13-10 [main] INFO  o.s.cloud.context.scope.GenericScope - BeanFactory id=899f1b74-3cae-3f30-bb4f-f4eced3d7035
2022-05-28_18-13-10 [main] INFO  com.zaxxer.hikari.HikariDataSource - HikariPool-1 - Starting...
2022-05-28_18-13-10 [main] INFO  com.zaxxer.hikari.HikariDataSource - HikariPool-1 - Start completed.
2022-05-28_18-13-10 [main] INFO  o.h.jpa.internal.util.LogHelper - HHH000204: Processing PersistenceUnitInfo [name: default]
2022-05-28_18-13-10 [main] INFO  org.hibernate.Version - HHH000412: Hibernate ORM core version 5.4.27.Final
2022-05-28_18-13-10 [main] INFO  o.h.annotations.common.Version - HCANN000001: Hibernate Commons Annotations {5.1.2.Final}
2022-05-28_18-13-10 [main] INFO  org.hibernate.dialect.Dialect - HHH000400: Using dialect: org.hibernate.dialect.H2Dialect
2022-05-28_18-13-10 [main] INFO  o.h.e.t.j.p.i.JtaPlatformInitiator - HHH000490: Using JtaPlatform implementation: [org.hibernate.engine.transaction.jta.platform.internal.NoJtaPlatform]
2022-05-28_18-13-10 [main] INFO  o.s.o.j.LocalContainerEntityManagerFactoryBean - Initialized JPA EntityManagerFactory for persistence unit 'default'
2022-05-28_18-13-10 [main] INFO  o.s.b.a.h.H2ConsoleAutoConfiguration - H2 console available at '/db'. Database available at 'jdbc:h2:mem:testdb'
2022-05-28_18-13-10 [main] INFO  o.s.b.a.e.web.EndpointLinksResolver - Exposing 2 endpoint(s) beneath base path '/actuator'
2022-05-28_18-13-10 [main] INFO  s.d.s.w.PropertySourcedRequestMappingHandlerMapping - Mapped URL path [/v2/api-docs] onto method [springfox.documentation.swagger2.web.Swagger2Controller#getDocumentation(String, HttpServletRequest)]
2022-05-28_18-13-10 [main] INFO  o.s.s.web.DefaultSecurityFilterChain - Will secure any request with [org.springframework.security.web.context.request.async.WebAsyncManagerIntegrationFilter@48900d4a, org.springframework.security.web.context.SecurityContextPersistenceFilter@6ad036d6, org.springframework.security.web.header.HeaderWriterFilter@b22bebc, org.springframework.security.web.authentication.logout.LogoutFilter@4cb0e39e, com.pms.authorization.config.JwtRequestFilter@45dfb6a4, org.springframework.security.web.savedrequest.RequestCacheAwareFilter@7b4b559d, org.springframework.security.web.servletapi.SecurityContextHolderAwareRequestFilter@6030eff1, org.springframework.security.web.authentication.AnonymousAuthenticationFilter@ba90170, org.springframework.security.web.session.SessionManagementFilter@16c3388e, org.springframework.security.web.access.ExceptionTranslationFilter@e8ce5b1, org.springframework.security.web.access.intercept.FilterSecurityInterceptor@11c372e9]
2022-05-28_18-13-10 [main] INFO  o.s.s.c.ThreadPoolTaskExecutor - Initializing ExecutorService 'applicationTaskExecutor'
2022-05-28_18-13-10 [main] INFO  s.d.s.w.p.DocumentationPluginsBootstrapper - Context refreshed
2022-05-28_18-13-10 [main] INFO  s.d.s.w.p.DocumentationPluginsBootstrapper - Found 1 custom documentation plugin(s)
2022-05-28_18-13-10 [main] INFO  s.d.s.w.s.ApiListingReferenceScanner - Scanning for api listing references
2022-05-28_18-13-10 [main] INFO  s.d.s.w.r.o.CachingOperationNameGenerator - Generating unique operation named: handleUsingGET_1
2022-05-28_18-13-10 [main] INFO  s.d.s.w.r.o.CachingOperationNameGenerator - Generating unique operation named: handleUsingGET_2
2022-05-28_18-13-10 [main] INFO  c.p.a.AuthorizatiionMicroserviceApplicationTests - Started AuthorizatiionMicroserviceApplicationTests in 11.596 seconds (JVM running for 13.791)
2022-05-28_18-13-23 [main] INFO  c.p.a.AuthorizationMicroserviceApplication - Starting AuthorizationMicroserviceApplication using Java 15.0.2 on LAPTOP-99L8IUMB with PID 7460 (started by KRITHIGA in G:\Spring and Angular\pms-springboot-microservices\authorization-microservice)
2022-05-28_18-13-23 [main] INFO  c.p.a.AuthorizationMicroserviceApplication - No active profile set, falling back to default profiles: default
2022-05-28_18-13-23 [main] INFO  o.s.d.r.c.RepositoryConfigurationDelegate - Bootstrapping Spring Data JPA repositories in DEFAULT mode.
2022-05-28_18-13-23 [main] INFO  o.s.d.r.c.RepositoryConfigurationDelegate - Finished Spring Data repository scanning in 18 ms. Found 1 JPA repository interfaces.
2022-05-28_18-13-23 [main] INFO  o.s.cloud.context.scope.GenericScope - BeanFactory id=79eea780-b92e-3b3d-a2a9-454efe2dab23
2022-05-28_18-13-23 [main] INFO  o.s.b.w.e.tomcat.TomcatWebServer - Tomcat initialized with port(s): 8400 (http)
2022-05-28_18-13-23 [main] INFO  o.a.coyote.http11.Http11NioProtocol - Initializing ProtocolHandler ["http-nio-8400"]
2022-05-28_18-13-23 [main] INFO  o.a.catalina.core.StandardService - Starting service [Tomcat]
2022-05-28_18-13-23 [main] INFO  o.a.catalina.core.StandardEngine - Starting Servlet engine: [Apache Tomcat/9.0.41]
2022-05-28_18-13-23 [main] INFO  o.a.c.c.C.[.[localhost].[/auth] - Initializing Spring embedded WebApplicationContext
2022-05-28_18-13-23 [main] INFO  o.s.b.w.s.c.ServletWebServerApplicationContext - Root WebApplicationContext: initialization completed in 2109 ms
2022-05-28_18-13-23 [main] INFO  com.zaxxer.hikari.HikariDataSource - HikariPool-2 - Starting...
2022-05-28_18-13-23 [main] INFO  com.zaxxer.hikari.HikariDataSource - HikariPool-2 - Start completed.
2022-05-28_18-13-23 [main] INFO  o.s.b.a.h.H2ConsoleAutoConfiguration - H2 console available at '/db'. Database available at 'jdbc:h2:mem:testdb'
2022-05-28_18-13-23 [main] INFO  o.h.jpa.internal.util.LogHelper - HHH000204: Processing PersistenceUnitInfo [name: default]
2022-05-28_18-13-23 [main] INFO  org.hibernate.dialect.Dialect - HHH000400: Using dialect: org.hibernate.dialect.H2Dialect
2022-05-28_18-13-23 [main] INFO  o.h.e.t.j.p.i.JtaPlatformInitiator - HHH000490: Using JtaPlatform implementation: [org.hibernate.engine.transaction.jta.platform.internal.NoJtaPlatform]
2022-05-28_18-13-23 [main] INFO  o.s.o.j.LocalContainerEntityManagerFactoryBean - Initialized JPA EntityManagerFactory for persistence unit 'default'
2022-05-28_18-13-23 [main] INFO  o.s.b.a.e.web.EndpointLinksResolver - Exposing 2 endpoint(s) beneath base path '/actuator'
2022-05-28_18-13-23 [main] INFO  s.d.s.w.PropertySourcedRequestMappingHandlerMapping - Mapped URL path [/v2/api-docs] onto method [springfox.documentation.swagger2.web.Swagger2Controller#getDocumentation(String, HttpServletRequest)]
2022-05-28_18-13-23 [main] INFO  o.s.s.web.DefaultSecurityFilterChain - Will secure any request with [org.springframework.security.web.context.request.async.WebAsyncManagerIntegrationFilter@6ee7c941, org.springframework.security.web.context.SecurityContextPersistenceFilter@2219d6d8, org.springframework.security.web.header.HeaderWriterFilter@1f146411, org.springframework.security.web.authentication.logout.LogoutFilter@6d4f29a4, com.pms.authorization.config.JwtRequestFilter@3fc0a2c, org.springframework.security.web.savedrequest.RequestCacheAwareFilter@4907b487, org.springframework.security.web.servletapi.SecurityContextHolderAwareRequestFilter@758f755a, org.springframework.security.web.authentication.AnonymousAuthenticationFilter@6ebdd981, org.springframework.security.web.session.SessionManagementFilter@6392ecbc, org.springframework.security.web.access.ExceptionTranslationFilter@4adfb1f, org.springframework.security.web.access.intercept.FilterSecurityInterceptor@1290fc6a]
2022-05-28_18-13-23 [main] INFO  o.s.s.c.ThreadPoolTaskExecutor - Initializing ExecutorService 'applicationTaskExecutor'
2022-05-28_18-13-23 [main] INFO  o.a.coyote.http11.Http11NioProtocol - Starting ProtocolHandler ["http-nio-8400"]
2022-05-28_18-13-23 [main] INFO  o.s.b.w.e.tomcat.TomcatWebServer - Tomcat started on port(s): 8400 (http) with context path '/auth'
2022-05-28_18-13-23 [main] INFO  s.d.s.w.p.DocumentationPluginsBootstrapper - Context refreshed
2022-05-28_18-13-23 [main] INFO  s.d.s.w.p.DocumentationPluginsBootstrapper - Found 1 custom documentation plugin(s)
2022-05-28_18-13-23 [main] INFO  s.d.s.w.s.ApiListingReferenceScanner - Scanning for api listing references
2022-05-28_18-13-23 [main] INFO  s.d.s.w.r.o.CachingOperationNameGenerator - Generating unique operation named: handleUsingGET_1
2022-05-28_18-13-23 [main] INFO  s.d.s.w.r.o.CachingOperationNameGenerator - Generating unique operation named: handleUsingGET_2
2022-05-28_18-13-23 [main] INFO  c.p.a.AuthorizationMicroserviceApplication - Started AuthorizationMicroserviceApplication in 4.365 seconds (JVM running for 18.932)
2022-05-28_18-13-23 [main] INFO  o.s.b.t.c.SpringBootTestContextBootstrapper - Neither @ContextConfiguration nor @ContextHierarchy found for test class [com.pms.authorization.config.JwtTokenUtilTest], using SpringBootContextLoader
2022-05-28_18-13-23 [main] INFO  o.s.t.c.s.AbstractContextLoader - Could not detect default resource locations for test class [com.pms.authorization.config.JwtTokenUtilTest]: no resource found for suffixes {-context.xml, Context.groovy}.
2022-05-28_18-13-23 [main] INFO  o.s.t.c.s.AnnotationConfigContextLoaderUtils - Could not detect default configuration classes for test class [com.pms.authorization.config.JwtTokenUtilTest]: JwtTokenUtilTest does not declare any static, non-private, non-final, nested classes annotated with @Configuration.
2022-05-28_18-13-23 [main] INFO  o.s.b.t.c.SpringBootTestContextBootstrapper - Found @SpringBootConfiguration com.pms.authorization.AuthorizationMicroserviceApplication for test class com.pms.authorization.config.JwtTokenUtilTest
2022-05-28_18-13-23 [main] INFO  o.s.b.t.c.SpringBootTestContextBootstrapper - Loaded default TestExecutionListener class names from location [META-INF/spring.factories]: [org.springframework.security.test.context.support.WithSecurityContextTestExecutionListener, org.springframework.security.test.context.support.ReactorContextTestExecutionListener, org.springframework.test.context.web.ServletTestExecutionListener, org.springframework.test.context.support.DirtiesContextBeforeModesTestExecutionListener, org.springframework.test.context.event.ApplicationEventsTestExecutionListener, org.springframework.test.context.support.DependencyInjectionTestExecutionListener, org.springframework.test.context.support.DirtiesContextTestExecutionListener, org.springframework.test.context.transaction.TransactionalTestExecutionListener, org.springframework.test.context.jdbc.SqlScriptsTestExecutionListener, org.springframework.test.context.event.EventPublishingTestExecutionListener, org.springframework.boot.test.mock.mockito.MockitoTestExecutionListener, org.springframework.boot.test.mock.mockito.ResetMocksTestExecutionListener, org.springframework.boot.test.autoconfigure.restdocs.RestDocsTestExecutionListener, org.springframework.boot.test.autoconfigure.web.client.MockRestServiceServerResetTestExecutionListener, org.springframework.boot.test.autoconfigure.web.servlet.MockMvcPrintOnlyOnFailureTestExecutionListener, org.springframework.boot.test.autoconfigure.web.servlet.WebDriverTestExecutionListener, org.springframework.boot.test.autoconfigure.webservices.client.MockWebServiceServerTestExecutionListener]
2022-05-28_18-13-23 [main] INFO  o.s.b.t.c.SpringBootTestContextBootstrapper - Using TestExecutionListeners: [org.springframework.test.context.web.ServletTestExecutionListener@6d5934f6, org.springframework.test.context.support.DirtiesContextBeforeModesTestExecutionListener@13acb4, org.springframework.test.context.event.ApplicationEventsTestExecutionListener@69f90fc4, org.springframework.boot.test.mock.mockito.MockitoTestExecutionListener@16d52e51, org.springframework.boot.test.autoconfigure.SpringBootDependencyInjectionTestExecutionListener@328f46f9, org.springframework.test.context.support.DirtiesContextTestExecutionListener@2f643a10, org.springframework.test.context.transaction.TransactionalTestExecutionListener@ec28717, org.springframework.test.context.jdbc.SqlScriptsTestExecutionListener@315a9738, org.springframework.security.test.context.support.WithSecurityContextTestExecutionListener@79aab764, org.springframework.test.context.event.EventPublishingTestExecutionListener@7790a6fb, org.springframework.security.test.context.support.ReactorContextTestExecutionListener@6df06d21, org.springframework.boot.test.mock.mockito.ResetMocksTestExecutionListener@876c4f0, org.springframework.boot.test.autoconfigure.restdocs.RestDocsTestExecutionListener@24cb530d, org.springframework.boot.test.autoconfigure.web.client.MockRestServiceServerResetTestExecutionListener@569e8e11, org.springframework.boot.test.autoconfigure.web.servlet.MockMvcPrintOnlyOnFailureTestExecutionListener@38696886, org.springframework.boot.test.autoconfigure.web.servlet.WebDriverTestExecutionListener@6066a3f, org.springframework.boot.test.autoconfigure.webservices.client.MockWebServiceServerTestExecutionListener@782b12c9]
2022-05-28_18-13-27 [main] INFO  c.p.a.config.JwtTokenUtilTest - Starting JwtTokenUtilTest using Java 15.0.2 on LAPTOP-99L8IUMB with PID 7460 (started by KRITHIGA in G:\Spring and Angular\pms-springboot-microservices\authorization-microservice)
2022-05-28_18-13-27 [main] INFO  c.p.a.config.JwtTokenUtilTest - No active profile set, falling back to default profiles: default
2022-05-28_18-13-27 [main] INFO  o.s.d.r.c.RepositoryConfigurationDelegate - Bootstrapping Spring Data JPA repositories in DEFAULT mode.
2022-05-28_18-13-27 [main] INFO  o.s.d.r.c.RepositoryConfigurationDelegate - Finished Spring Data repository scanning in 14 ms. Found 1 JPA repository interfaces.
2022-05-28_18-13-27 [main] INFO  o.s.cloud.context.scope.GenericScope - BeanFactory id=899f1b74-3cae-3f30-bb4f-f4eced3d7035
2022-05-28_18-13-27 [main] INFO  com.zaxxer.hikari.HikariDataSource - HikariPool-3 - Starting...
2022-05-28_18-13-27 [main] INFO  com.zaxxer.hikari.HikariDataSource - HikariPool-3 - Start completed.
2022-05-28_18-13-27 [main] INFO  o.h.jpa.internal.util.LogHelper - HHH000204: Processing PersistenceUnitInfo [name: default]
2022-05-28_18-13-27 [main] INFO  org.hibernate.dialect.Dialect - HHH000400: Using dialect: org.hibernate.dialect.H2Dialect
2022-05-28_18-13-27 [main] INFO  o.h.e.t.j.p.i.JtaPlatformInitiator - HHH000490: Using JtaPlatform implementation: [org.hibernate.engine.transaction.jta.platform.internal.NoJtaPlatform]
2022-05-28_18-13-27 [main] INFO  o.s.o.j.LocalContainerEntityManagerFactoryBean - Initialized JPA EntityManagerFactory for persistence unit 'default'
2022-05-28_18-13-27 [main] INFO  o.s.b.a.h.H2ConsoleAutoConfiguration - H2 console available at '/db'. Database available at 'jdbc:h2:mem:testdb'
2022-05-28_18-13-27 [main] INFO  o.s.b.a.e.web.EndpointLinksResolver - Exposing 2 endpoint(s) beneath base path '/actuator'
2022-05-28_18-13-27 [main] INFO  s.d.s.w.PropertySourcedRequestMappingHandlerMapping - Mapped URL path [/v2/api-docs] onto method [springfox.documentation.swagger2.web.Swagger2Controller#getDocumentation(String, HttpServletRequest)]
2022-05-28_18-13-27 [main] INFO  o.s.s.web.DefaultSecurityFilterChain - Will secure any request with [org.springframework.security.web.context.request.async.WebAsyncManagerIntegrationFilter@2ff19416, org.springframework.security.web.context.SecurityContextPersistenceFilter@2b728f15, org.springframework.security.web.header.HeaderWriterFilter@45ca96f3, org.springframework.security.web.authentication.logout.LogoutFilter@1938f3b3, com.pms.authorization.config.JwtRequestFilter@307a0097, org.springframework.security.web.savedrequest.RequestCacheAwareFilter@71bc7d1e, org.springframework.security.web.servletapi.SecurityContextHolderAwareRequestFilter@605000d4, org.springframework.security.web.authentication.AnonymousAuthenticationFilter@3b24595e, org.springframework.security.web.session.SessionManagementFilter@4cb15553, org.springframework.security.web.access.ExceptionTranslationFilter@18084396, org.springframework.security.web.access.intercept.FilterSecurityInterceptor@685edb96]
2022-05-28_18-13-27 [main] INFO  o.s.s.c.ThreadPoolTaskExecutor - Initializing ExecutorService 'applicationTaskExecutor'
2022-05-28_18-13-27 [main] INFO  s.d.s.w.p.DocumentationPluginsBootstrapper - Context refreshed
2022-05-28_18-13-27 [main] INFO  s.d.s.w.p.DocumentationPluginsBootstrapper - Found 1 custom documentation plugin(s)
2022-05-28_18-13-27 [main] INFO  s.d.s.w.s.ApiListingReferenceScanner - Scanning for api listing references
2022-05-28_18-13-27 [main] INFO  s.d.s.w.r.o.CachingOperationNameGenerator - Generating unique operation named: handleUsingGET_1
2022-05-28_18-13-27 [main] INFO  s.d.s.w.r.o.CachingOperationNameGenerator - Generating unique operation named: handleUsingGET_2
2022-05-28_18-13-27 [main] INFO  c.p.a.config.JwtTokenUtilTest - Started JwtTokenUtilTest in 2.879 seconds (JVM running for 21.909)
2022-05-28_18-13-27 [main] INFO  o.s.b.t.c.SpringBootTestContextBootstrapper - Neither @ContextConfiguration nor @ContextHierarchy found for test class [com.pms.authorization.controller.JwtAuthenticationControllerEndPointsTest], using SpringBootContextLoader
2022-05-28_18-13-27 [main] INFO  o.s.t.c.s.AbstractContextLoader - Could not detect default resource locations for test class [com.pms.authorization.controller.JwtAuthenticationControllerEndPointsTest]: no resource found for suffixes {-context.xml, Context.groovy}.
2022-05-28_18-13-27 [main] INFO  o.s.t.c.s.AnnotationConfigContextLoaderUtils - Could not detect default configuration classes for test class [com.pms.authorization.controller.JwtAuthenticationControllerEndPointsTest]: JwtAuthenticationControllerEndPointsTest does not declare any static, non-private, non-final, nested classes annotated with @Configuration.
2022-05-28_18-13-27 [main] INFO  o.s.b.t.c.SpringBootTestContextBootstrapper - Found @SpringBootConfiguration com.pms.authorization.AuthorizationMicroserviceApplication for test class com.pms.authorization.controller.JwtAuthenticationControllerEndPointsTest
2022-05-28_18-13-27 [main] INFO  o.s.b.t.c.SpringBootTestContextBootstrapper - Loaded default TestExecutionListener class names from location [META-INF/spring.factories]: [org.springframework.security.test.context.support.WithSecurityContextTestExecutionListener, org.springframework.security.test.context.support.ReactorContextTestExecutionListener, org.springframework.test.context.web.ServletTestExecutionListener, org.springframework.test.context.support.DirtiesContextBeforeModesTestExecutionListener, org.springframework.test.context.event.ApplicationEventsTestExecutionListener, org.springframework.test.context.support.DependencyInjectionTestExecutionListener, org.springframework.test.context.support.DirtiesContextTestExecutionListener, org.springframework.test.context.transaction.TransactionalTestExecutionListener, org.springframework.test.context.jdbc.SqlScriptsTestExecutionListener, org.springframework.test.context.event.EventPublishingTestExecutionListener, org.springframework.boot.test.mock.mockito.MockitoTestExecutionListener, org.springframework.boot.test.mock.mockito.ResetMocksTestExecutionListener, org.springframework.boot.test.autoconfigure.restdocs.RestDocsTestExecutionListener, org.springframework.boot.test.autoconfigure.web.client.MockRestServiceServerResetTestExecutionListener, org.springframework.boot.test.autoconfigure.web.servlet.MockMvcPrintOnlyOnFailureTestExecutionListener, org.springframework.boot.test.autoconfigure.web.servlet.WebDriverTestExecutionListener, org.springframework.boot.test.autoconfigure.webservices.client.MockWebServiceServerTestExecutionListener]
2022-05-28_18-13-27 [main] INFO  o.s.b.t.c.SpringBootTestContextBootstrapper - Using TestExecutionListeners: [org.springframework.test.context.web.ServletTestExecutionListener@6902e2bf, org.springframework.test.context.support.DirtiesContextBeforeModesTestExecutionListener@12e4c6de, org.springframework.test.context.event.ApplicationEventsTestExecutionListener@75b41ff3, org.springframework.boot.test.mock.mockito.MockitoTestExecutionListener@61bb5770, org.springframework.boot.test.autoconfigure.SpringBootDependencyInjectionTestExecutionListener@1f5246e2, org.springframework.test.context.support.DirtiesContextTestExecutionListener@2b34a1e0, org.springframework.test.context.transaction.TransactionalTestExecutionListener@7eaa78f2, org.springframework.test.context.jdbc.SqlScriptsTestExecutionListener@4591a080, org.springframework.security.test.context.support.WithSecurityContextTestExecutionListener@48799b86, org.springframework.test.context.event.EventPublishingTestExecutionListener@464c18c8, org.springframework.security.test.context.support.ReactorContextTestExecutionListener@6b0c851b, org.springframework.boot.test.mock.mockito.ResetMocksTestExecutionListener@2351ad5a, org.springframework.boot.test.autoconfigure.restdocs.RestDocsTestExecutionListener@27f0a71d, org.springframework.boot.test.autoconfigure.web.client.MockRestServiceServerResetTestExecutionListener@1dc7173, org.springframework.boot.test.autoconfigure.web.servlet.MockMvcPrintOnlyOnFailureTestExecutionListener@e77180e, org.springframework.boot.test.autoconfigure.web.servlet.WebDriverTestExecutionListener@20e25fe7, org.springframework.boot.test.autoconfigure.webservices.client.MockWebServiceServerTestExecutionListener@288cca9]
2022-05-28_18-13-31 [main] INFO  c.p.a.c.JwtAuthenticationControllerEndPointsTest - Starting JwtAuthenticationControllerEndPointsTest using Java 15.0.2 on LAPTOP-99L8IUMB with PID 7460 (started by KRITHIGA in G:\Spring and Angular\pms-springboot-microservices\authorization-microservice)
2022-05-28_18-13-31 [main] INFO  c.p.a.c.JwtAuthenticationControllerEndPointsTest - No active profile set, falling back to default profiles: default
2022-05-28_18-13-31 [main] INFO  o.s.d.r.c.RepositoryConfigurationDelegate - Bootstrapping Spring Data JPA repositories in DEFAULT mode.
2022-05-28_18-13-31 [main] INFO  o.s.d.r.c.RepositoryConfigurationDelegate - Finished Spring Data repository scanning in 11 ms. Found 1 JPA repository interfaces.
2022-05-28_18-13-31 [main] INFO  o.s.cloud.context.scope.GenericScope - BeanFactory id=de6b55d5-eebe-384d-a1bf-5eac212cc64d
2022-05-28_18-13-31 [main] INFO  com.zaxxer.hikari.HikariDataSource - HikariPool-4 - Starting...
2022-05-28_18-13-31 [main] INFO  com.zaxxer.hikari.HikariDataSource - HikariPool-4 - Start completed.
2022-05-28_18-13-31 [main] INFO  o.h.jpa.internal.util.LogHelper - HHH000204: Processing PersistenceUnitInfo [name: default]
2022-05-28_18-13-31 [main] INFO  org.hibernate.dialect.Dialect - HHH000400: Using dialect: org.hibernate.dialect.H2Dialect
2022-05-28_18-13-31 [main] INFO  o.h.e.t.j.p.i.JtaPlatformInitiator - HHH000490: Using JtaPlatform implementation: [org.hibernate.engine.transaction.jta.platform.internal.NoJtaPlatform]
2022-05-28_18-13-31 [main] INFO  o.s.o.j.LocalContainerEntityManagerFactoryBean - Initialized JPA EntityManagerFactory for persistence unit 'default'
2022-05-28_18-13-31 [main] INFO  o.s.b.a.h.H2ConsoleAutoConfiguration - H2 console available at '/db'. Database available at 'jdbc:h2:mem:testdb'
2022-05-28_18-13-31 [main] INFO  o.s.b.a.e.web.EndpointLinksResolver - Exposing 2 endpoint(s) beneath base path '/actuator'
2022-05-28_18-13-31 [main] INFO  s.d.s.w.PropertySourcedRequestMappingHandlerMapping - Mapped URL path [/v2/api-docs] onto method [springfox.documentation.swagger2.web.Swagger2Controller#getDocumentation(String, HttpServletRequest)]
2022-05-28_18-13-31 [main] INFO  o.s.s.web.DefaultSecurityFilterChain - Will secure any request with [org.springframework.security.web.context.request.async.WebAsyncManagerIntegrationFilter@3de1ec44, org.springframework.security.web.context.SecurityContextPersistenceFilter@73959127, org.springframework.security.web.header.HeaderWriterFilter@424ef8ca, org.springframework.security.web.authentication.logout.LogoutFilter@6967bb91, com.pms.authorization.config.JwtRequestFilter@7ad29d4b, org.springframework.security.web.savedrequest.RequestCacheAwareFilter@789c61a3, org.springframework.security.web.servletapi.SecurityContextHolderAwareRequestFilter@4da15ed2, org.springframework.security.web.authentication.AnonymousAuthenticationFilter@53e6c75c, org.springframework.security.web.session.SessionManagementFilter@6972418c, org.springframework.security.web.access.ExceptionTranslationFilter@3ae62c8a, org.springframework.security.web.access.intercept.FilterSecurityInterceptor@73987a07]
2022-05-28_18-13-31 [main] INFO  o.s.s.c.ThreadPoolTaskExecutor - Initializing ExecutorService 'applicationTaskExecutor'
2022-05-28_18-13-31 [main] INFO  o.s.b.t.m.w.SpringBootMockServletContext - Initializing Spring TestDispatcherServlet ''
2022-05-28_18-13-31 [main] INFO  o.s.t.w.s.TestDispatcherServlet - Initializing Servlet ''
2022-05-28_18-13-31 [main] INFO  o.s.t.w.s.TestDispatcherServlet - Completed initialization in 2 ms
2022-05-28_18-13-31 [main] INFO  s.d.s.w.p.DocumentationPluginsBootstrapper - Context refreshed
2022-05-28_18-13-31 [main] INFO  s.d.s.w.p.DocumentationPluginsBootstrapper - Found 1 custom documentation plugin(s)
2022-05-28_18-13-31 [main] INFO  s.d.s.w.s.ApiListingReferenceScanner - Scanning for api listing references
2022-05-28_18-13-31 [main] INFO  s.d.s.w.r.o.CachingOperationNameGenerator - Generating unique operation named: handleUsingGET_1
2022-05-28_18-13-31 [main] INFO  s.d.s.w.r.o.CachingOperationNameGenerator - Generating unique operation named: handleUsingGET_2
2022-05-28_18-13-31 [main] INFO  c.p.a.c.JwtAuthenticationControllerEndPointsTest - Started JwtAuthenticationControllerEndPointsTest in 2.516 seconds (JVM running for 25.251)
2022-05-28_18-13-31 [main] INFO  o.s.b.t.c.SpringBootTestContextBootstrapper - Neither @ContextConfiguration nor @ContextHierarchy found for test class [com.pms.authorization.controller.JwtAuthenticationControllerTest], using SpringBootContextLoader
2022-05-28_18-13-31 [main] INFO  o.s.t.c.s.AbstractContextLoader - Could not detect default resource locations for test class [com.pms.authorization.controller.JwtAuthenticationControllerTest]: no resource found for suffixes {-context.xml, Context.groovy}.
2022-05-28_18-13-31 [main] INFO  o.s.t.c.s.AnnotationConfigContextLoaderUtils - Could not detect default configuration classes for test class [com.pms.authorization.controller.JwtAuthenticationControllerTest]: JwtAuthenticationControllerTest does not declare any static, non-private, non-final, nested classes annotated with @Configuration.
2022-05-28_18-13-31 [main] INFO  o.s.b.t.c.SpringBootTestContextBootstrapper - Found @SpringBootConfiguration com.pms.authorization.AuthorizationMicroserviceApplication for test class com.pms.authorization.controller.JwtAuthenticationControllerTest
2022-05-28_18-13-31 [main] INFO  o.s.b.t.c.SpringBootTestContextBootstrapper - Loaded default TestExecutionListener class names from location [META-INF/spring.factories]: [org.springframework.security.test.context.support.WithSecurityContextTestExecutionListener, org.springframework.security.test.context.support.ReactorContextTestExecutionListener, org.springframework.test.context.web.ServletTestExecutionListener, org.springframework.test.context.support.DirtiesContextBeforeModesTestExecutionListener, org.springframework.test.context.event.ApplicationEventsTestExecutionListener, org.springframework.test.context.support.DependencyInjectionTestExecutionListener, org.springframework.test.context.support.DirtiesContextTestExecutionListener, org.springframework.test.context.transaction.TransactionalTestExecutionListener, org.springframework.test.context.jdbc.SqlScriptsTestExecutionListener, org.springframework.test.context.event.EventPublishingTestExecutionListener, org.springframework.boot.test.mock.mockito.MockitoTestExecutionListener, org.springframework.boot.test.mock.mockito.ResetMocksTestExecutionListener, org.springframework.boot.test.autoconfigure.restdocs.RestDocsTestExecutionListener, org.springframework.boot.test.autoconfigure.web.client.MockRestServiceServerResetTestExecutionListener, org.springframework.boot.test.autoconfigure.web.servlet.MockMvcPrintOnlyOnFailureTestExecutionListener, org.springframework.boot.test.autoconfigure.web.servlet.WebDriverTestExecutionListener, org.springframework.boot.test.autoconfigure.webservices.client.MockWebServiceServerTestExecutionListener]
2022-05-28_18-13-31 [main] INFO  o.s.b.t.c.SpringBootTestContextBootstrapper - Using TestExecutionListeners: [org.springframework.test.context.web.ServletTestExecutionListener@29a08daf, org.springframework.test.context.support.DirtiesContextBeforeModesTestExecutionListener@64bc291b, org.springframework.test.context.event.ApplicationEventsTestExecutionListener@13e771e6, org.springframework.boot.test.mock.mockito.MockitoTestExecutionListener@19b3cf8e, org.springframework.boot.test.autoconfigure.SpringBootDependencyInjectionTestExecutionListener@34d3f4e2, org.springframework.test.context.support.DirtiesContextTestExecutionListener@3122e792, org.springframework.test.context.transaction.TransactionalTestExecutionListener@1962d811, org.springframework.test.context.jdbc.SqlScriptsTestExecutionListener@1e2abb0c, org.springframework.security.test.context.support.WithSecurityContextTestExecutionListener@357528cf, org.springframework.test.context.event.EventPublishingTestExecutionListener@13cd4784, org.springframework.security.test.context.support.ReactorContextTestExecutionListener@1ce0a7bc, org.springframework.boot.test.mock.mockito.ResetMocksTestExecutionListener@57598df7, org.springframework.boot.test.autoconfigure.restdocs.RestDocsTestExecutionListener@4bf6e483, org.springframework.boot.test.autoconfigure.web.client.MockRestServiceServerResetTestExecutionListener@32fe6b1e, org.springframework.boot.test.autoconfigure.web.servlet.MockMvcPrintOnlyOnFailureTestExecutionListener@2b3af7ba, org.springframework.boot.test.autoconfigure.web.servlet.WebDriverTestExecutionListener@3097f11f, org.springframework.boot.test.autoconfigure.webservices.client.MockWebServiceServerTestExecutionListener@4c39c972]
2022-05-28_18-13-33 [main] INFO  c.p.a.c.JwtAuthenticationControllerTest - Starting JwtAuthenticationControllerTest using Java 15.0.2 on LAPTOP-99L8IUMB with PID 7460 (started by KRITHIGA in G:\Spring and Angular\pms-springboot-microservices\authorization-microservice)
2022-05-28_18-13-33 [main] INFO  c.p.a.c.JwtAuthenticationControllerTest - No active profile set, falling back to default profiles: default
2022-05-28_18-13-33 [main] INFO  o.s.d.r.c.RepositoryConfigurationDelegate - Bootstrapping Spring Data JPA repositories in DEFAULT mode.
2022-05-28_18-13-33 [main] INFO  o.s.d.r.c.RepositoryConfigurationDelegate - Finished Spring Data repository scanning in 13 ms. Found 1 JPA repository interfaces.
2022-05-28_18-13-33 [main] INFO  o.s.cloud.context.scope.GenericScope - BeanFactory id=899f1b74-3cae-3f30-bb4f-f4eced3d7035
2022-05-28_18-13-33 [main] INFO  com.zaxxer.hikari.HikariDataSource - HikariPool-5 - Starting...
2022-05-28_18-13-33 [main] INFO  com.zaxxer.hikari.HikariDataSource - HikariPool-5 - Start completed.
2022-05-28_18-13-33 [main] INFO  o.h.jpa.internal.util.LogHelper - HHH000204: Processing PersistenceUnitInfo [name: default]
2022-05-28_18-13-33 [main] INFO  org.hibernate.dialect.Dialect - HHH000400: Using dialect: org.hibernate.dialect.H2Dialect
2022-05-28_18-13-33 [main] INFO  o.h.e.t.j.p.i.JtaPlatformInitiator - HHH000490: Using JtaPlatform implementation: [org.hibernate.engine.transaction.jta.platform.internal.NoJtaPlatform]
2022-05-28_18-13-33 [main] INFO  o.s.o.j.LocalContainerEntityManagerFactoryBean - Initialized JPA EntityManagerFactory for persistence unit 'default'
2022-05-28_18-13-33 [main] INFO  o.s.b.a.h.H2ConsoleAutoConfiguration - H2 console available at '/db'. Database available at 'jdbc:h2:mem:testdb'
2022-05-28_18-13-33 [main] INFO  o.s.b.a.e.web.EndpointLinksResolver - Exposing 2 endpoint(s) beneath base path '/actuator'
2022-05-28_18-13-33 [main] INFO  s.d.s.w.PropertySourcedRequestMappingHandlerMapping - Mapped URL path [/v2/api-docs] onto method [springfox.documentation.swagger2.web.Swagger2Controller#getDocumentation(String, HttpServletRequest)]
2022-05-28_18-13-33 [main] INFO  o.s.s.web.DefaultSecurityFilterChain - Will secure any request with [org.springframework.security.web.context.request.async.WebAsyncManagerIntegrationFilter@e21149e, org.springframework.security.web.context.SecurityContextPersistenceFilter@65bb0f13, org.springframework.security.web.header.HeaderWriterFilter@4fddc3cb, org.springframework.security.web.authentication.logout.LogoutFilter@2d4236ff, com.pms.authorization.config.JwtRequestFilter@5f83000c, org.springframework.security.web.savedrequest.RequestCacheAwareFilter@2d4c561b, org.springframework.security.web.servletapi.SecurityContextHolderAwareRequestFilter@c2e0be2, org.springframework.security.web.authentication.AnonymousAuthenticationFilter@29ab4fa0, org.springframework.security.web.session.SessionManagementFilter@70ed9c7f, org.springframework.security.web.access.ExceptionTranslationFilter@22ad4255, org.springframework.security.web.access.intercept.FilterSecurityInterceptor@7eb66a64]
2022-05-28_18-13-33 [main] INFO  o.s.s.c.ThreadPoolTaskExecutor - Initializing ExecutorService 'applicationTaskExecutor'
2022-05-28_18-13-33 [main] INFO  s.d.s.w.p.DocumentationPluginsBootstrapper - Context refreshed
2022-05-28_18-13-33 [main] INFO  s.d.s.w.p.DocumentationPluginsBootstrapper - Found 1 custom documentation plugin(s)
2022-05-28_18-13-33 [main] INFO  s.d.s.w.s.ApiListingReferenceScanner - Scanning for api listing references
2022-05-28_18-13-33 [main] INFO  s.d.s.w.r.o.CachingOperationNameGenerator - Generating unique operation named: handleUsingGET_1
2022-05-28_18-13-33 [main] INFO  s.d.s.w.r.o.CachingOperationNameGenerator - Generating unique operation named: handleUsingGET_2
2022-05-28_18-13-33 [main] INFO  c.p.a.c.JwtAuthenticationControllerTest - Started JwtAuthenticationControllerTest in 2.036 seconds (JVM running for 27.638)
2022-05-28_18-13-33 [main] INFO  o.s.b.t.c.SpringBootTestContextBootstrapper - Neither @ContextConfiguration nor @ContextHierarchy found for test class [com.pms.authorization.exception.AuthorizationExceptionTest], using SpringBootContextLoader
2022-05-28_18-13-33 [main] INFO  o.s.t.c.s.AbstractContextLoader - Could not detect default resource locations for test class [com.pms.authorization.exception.AuthorizationExceptionTest]: no resource found for suffixes {-context.xml, Context.groovy}.
2022-05-28_18-13-33 [main] INFO  o.s.t.c.s.AnnotationConfigContextLoaderUtils - Could not detect default configuration classes for test class [com.pms.authorization.exception.AuthorizationExceptionTest]: AuthorizationExceptionTest does not declare any static, non-private, non-final, nested classes annotated with @Configuration.
2022-05-28_18-13-33 [main] INFO  o.s.b.t.c.SpringBootTestContextBootstrapper - Found @SpringBootConfiguration com.pms.authorization.AuthorizationMicroserviceApplication for test class com.pms.authorization.exception.AuthorizationExceptionTest
2022-05-28_18-13-33 [main] INFO  o.s.b.t.c.SpringBootTestContextBootstrapper - Loaded default TestExecutionListener class names from location [META-INF/spring.factories]: [org.springframework.security.test.context.support.WithSecurityContextTestExecutionListener, org.springframework.security.test.context.support.ReactorContextTestExecutionListener, org.springframework.test.context.web.ServletTestExecutionListener, org.springframework.test.context.support.DirtiesContextBeforeModesTestExecutionListener, org.springframework.test.context.event.ApplicationEventsTestExecutionListener, org.springframework.test.context.support.DependencyInjectionTestExecutionListener, org.springframework.test.context.support.DirtiesContextTestExecutionListener, org.springframework.test.context.transaction.TransactionalTestExecutionListener, org.springframework.test.context.jdbc.SqlScriptsTestExecutionListener, org.springframework.test.context.event.EventPublishingTestExecutionListener, org.springframework.boot.test.mock.mockito.MockitoTestExecutionListener, org.springframework.boot.test.mock.mockito.ResetMocksTestExecutionListener, org.springframework.boot.test.autoconfigure.restdocs.RestDocsTestExecutionListener, org.springframework.boot.test.autoconfigure.web.client.MockRestServiceServerResetTestExecutionListener, org.springframework.boot.test.autoconfigure.web.servlet.MockMvcPrintOnlyOnFailureTestExecutionListener, org.springframework.boot.test.autoconfigure.web.servlet.WebDriverTestExecutionListener, org.springframework.boot.test.autoconfigure.webservices.client.MockWebServiceServerTestExecutionListener]
2022-05-28_18-13-33 [main] INFO  o.s.b.t.c.SpringBootTestContextBootstrapper - Using TestExecutionListeners: [org.springframework.test.context.web.ServletTestExecutionListener@4f383036, org.springframework.test.context.support.DirtiesContextBeforeModesTestExecutionListener@3bfc7d53, org.springframework.test.context.event.ApplicationEventsTestExecutionListener@364db8d1, org.springframework.boot.test.mock.mockito.MockitoTestExecutionListener@3b3f1a12, org.springframework.boot.test.autoconfigure.SpringBootDependencyInjectionTestExecutionListener@358834c3, org.springframework.test.context.support.DirtiesContextTestExecutionListener@6d46d1c4, org.springframework.test.context.transaction.TransactionalTestExecutionListener@3616678d, org.springframework.test.context.jdbc.SqlScriptsTestExecutionListener@75ba14d7, org.springframework.security.test.context.support.WithSecurityContextTestExecutionListener@160088f, org.springframework.test.context.event.EventPublishingTestExecutionListener@5af33196, org.springframework.security.test.context.support.ReactorContextTestExecutionListener@5fdc1f4a, org.springframework.boot.test.mock.mockito.ResetMocksTestExecutionListener@7ae5a4ca, org.springframework.boot.test.autoconfigure.restdocs.RestDocsTestExecutionListener@7bc0ff69, org.springframework.boot.test.autoconfigure.web.client.MockRestServiceServerResetTestExecutionListener@387c0e06, org.springframework.boot.test.autoconfigure.web.servlet.MockMvcPrintOnlyOnFailureTestExecutionListener@7e5700c, org.springframework.boot.test.autoconfigure.web.servlet.WebDriverTestExecutionListener@507147ce, org.springframework.boot.test.autoconfigure.webservices.client.MockWebServiceServerTestExecutionListener@2c36c11e]
2022-05-28_18-13-33 [main] INFO  o.s.b.t.c.SpringBootTestContextBootstrapper - Neither @ContextConfiguration nor @ContextHierarchy found for test class [com.pms.authorization.exception.ExceptionDetailsTest], using SpringBootContextLoader
2022-05-28_18-13-33 [main] INFO  o.s.t.c.s.AbstractContextLoader - Could not detect default resource locations for test class [com.pms.authorization.exception.ExceptionDetailsTest]: no resource found for suffixes {-context.xml, Context.groovy}.
2022-05-28_18-13-33 [main] INFO  o.s.t.c.s.AnnotationConfigContextLoaderUtils - Could not detect default configuration classes for test class [com.pms.authorization.exception.ExceptionDetailsTest]: ExceptionDetailsTest does not declare any static, non-private, non-final, nested classes annotated with @Configuration.
2022-05-28_18-13-33 [main] INFO  o.s.b.t.c.SpringBootTestContextBootstrapper - Found @SpringBootConfiguration com.pms.authorization.AuthorizationMicroserviceApplication for test class com.pms.authorization.exception.ExceptionDetailsTest
2022-05-28_18-13-33 [main] INFO  o.s.b.t.c.SpringBootTestContextBootstrapper - Loaded default TestExecutionListener class names from location [META-INF/spring.factories]: [org.springframework.security.test.context.support.WithSecurityContextTestExecutionListener, org.springframework.security.test.context.support.ReactorContextTestExecutionListener, org.springframework.test.context.web.ServletTestExecutionListener, org.springframework.test.context.support.DirtiesContextBeforeModesTestExecutionListener, org.springframework.test.context.event.ApplicationEventsTestExecutionListener, org.springframework.test.context.support.DependencyInjectionTestExecutionListener, org.springframework.test.context.support.DirtiesContextTestExecutionListener, org.springframework.test.context.transaction.TransactionalTestExecutionListener, org.springframework.test.context.jdbc.SqlScriptsTestExecutionListener, org.springframework.test.context.event.EventPublishingTestExecutionListener, org.springframework.boot.test.mock.mockito.MockitoTestExecutionListener, org.springframework.boot.test.mock.mockito.ResetMocksTestExecutionListener, org.springframework.boot.test.autoconfigure.restdocs.RestDocsTestExecutionListener, org.springframework.boot.test.autoconfigure.web.client.MockRestServiceServerResetTestExecutionListener, org.springframework.boot.test.autoconfigure.web.servlet.MockMvcPrintOnlyOnFailureTestExecutionListener, org.springframework.boot.test.autoconfigure.web.servlet.WebDriverTestExecutionListener, org.springframework.boot.test.autoconfigure.webservices.client.MockWebServiceServerTestExecutionListener]
2022-05-28_18-13-33 [main] INFO  o.s.b.t.c.SpringBootTestContextBootstrapper - Using TestExecutionListeners: [org.springframework.test.context.web.ServletTestExecutionListener@48b16f22, org.springframework.test.context.support.DirtiesContextBeforeModesTestExecutionListener@737f4856, org.springframework.test.context.event.ApplicationEventsTestExecutionListener@53da3955, org.springframework.boot.test.mock.mockito.MockitoTestExecutionListener@7e1716c2, org.springframework.boot.test.autoconfigure.SpringBootDependencyInjectionTestExecutionListener@3d9cbe5d, org.springframework.test.context.support.DirtiesContextTestExecutionListener@34a86c40, org.springframework.test.context.transaction.TransactionalTestExecutionListener@363afb11, org.springframework.test.context.jdbc.SqlScriptsTestExecutionListener@70dd5a12, org.springframework.security.test.context.support.WithSecurityContextTestExecutionListener@28eb6c02, org.springframework.test.context.event.EventPublishingTestExecutionListener@5fd6cf33, org.springframework.security.test.context.support.ReactorContextTestExecutionListener@3ed545ab, org.springframework.boot.test.mock.mockito.ResetMocksTestExecutionListener@244285a9, org.springframework.boot.test.autoconfigure.restdocs.RestDocsTestExecutionListener@57ba665f, org.springframework.boot.test.autoconfigure.web.client.MockRestServiceServerResetTestExecutionListener@3e7c84cc, org.springframework.boot.test.autoconfigure.web.servlet.MockMvcPrintOnlyOnFailureTestExecutionListener@2a1076b5, org.springframework.boot.test.autoconfigure.web.servlet.WebDriverTestExecutionListener@1acfd193, org.springframework.boot.test.autoconfigure.webservices.client.MockWebServiceServerTestExecutionListener@1e43d40b]
2022-05-28_18-13-33 [main] INFO  o.s.b.t.c.SpringBootTestContextBootstrapper - Neither @ContextConfiguration nor @ContextHierarchy found for test class [com.pms.authorization.exception.GlobalExceptionHandlerTest], using SpringBootContextLoader
2022-05-28_18-13-33 [main] INFO  o.s.t.c.s.AbstractContextLoader - Could not detect default resource locations for test class [com.pms.authorization.exception.GlobalExceptionHandlerTest]: no resource found for suffixes {-context.xml, Context.groovy}.
2022-05-28_18-13-33 [main] INFO  o.s.t.c.s.AnnotationConfigContextLoaderUtils - Could not detect default configuration classes for test class [com.pms.authorization.exception.GlobalExceptionHandlerTest]: GlobalExceptionHandlerTest does not declare any static, non-private, non-final, nested classes annotated with @Configuration.
2022-05-28_18-13-33 [main] INFO  o.s.b.t.c.SpringBootTestContextBootstrapper - Found @SpringBootConfiguration com.pms.authorization.AuthorizationMicroserviceApplication for test class com.pms.authorization.exception.GlobalExceptionHandlerTest
2022-05-28_18-13-33 [main] INFO  o.s.b.t.c.SpringBootTestContextBootstrapper - Loaded default TestExecutionListener class names from location [META-INF/spring.factories]: [org.springframework.security.test.context.support.WithSecurityContextTestExecutionListener, org.springframework.security.test.context.support.ReactorContextTestExecutionListener, org.springframework.test.context.web.ServletTestExecutionListener, org.springframework.test.context.support.DirtiesContextBeforeModesTestExecutionListener, org.springframework.test.context.event.ApplicationEventsTestExecutionListener, org.springframework.test.context.support.DependencyInjectionTestExecutionListener, org.springframework.test.context.support.DirtiesContextTestExecutionListener, org.springframework.test.context.transaction.TransactionalTestExecutionListener, org.springframework.test.context.jdbc.SqlScriptsTestExecutionListener, org.springframework.test.context.event.EventPublishingTestExecutionListener, org.springframework.boot.test.mock.mockito.MockitoTestExecutionListener, org.springframework.boot.test.mock.mockito.ResetMocksTestExecutionListener, org.springframework.boot.test.autoconfigure.restdocs.RestDocsTestExecutionListener, org.springframework.boot.test.autoconfigure.web.client.MockRestServiceServerResetTestExecutionListener, org.springframework.boot.test.autoconfigure.web.servlet.MockMvcPrintOnlyOnFailureTestExecutionListener, org.springframework.boot.test.autoconfigure.web.servlet.WebDriverTestExecutionListener, org.springframework.boot.test.autoconfigure.webservices.client.MockWebServiceServerTestExecutionListener]
2022-05-28_18-13-33 [main] INFO  o.s.b.t.c.SpringBootTestContextBootstrapper - Using TestExecutionListeners: [org.springframework.test.context.web.ServletTestExecutionListener@9e81d7b, org.springframework.test.context.support.DirtiesContextBeforeModesTestExecutionListener@98b63c1, org.springframework.test.context.event.ApplicationEventsTestExecutionListener@56d8cf3a, org.springframework.boot.test.mock.mockito.MockitoTestExecutionListener@435210b3, org.springframework.boot.test.autoconfigure.SpringBootDependencyInjectionTestExecutionListener@a98ce67, org.springframework.test.context.support.DirtiesContextTestExecutionListener@585f319e, org.springframework.test.context.transaction.TransactionalTestExecutionListener@48ee84b0, org.springframework.test.context.jdbc.SqlScriptsTestExecutionListener@1b6ad296, org.springframework.security.test.context.support.WithSecurityContextTestExecutionListener@574dcc6a, org.springframework.test.context.event.EventPublishingTestExecutionListener@763fc4dc, org.springframework.security.test.context.support.ReactorContextTestExecutionListener@4ac805af, org.springframework.boot.test.mock.mockito.ResetMocksTestExecutionListener@77b9002, org.springframework.boot.test.autoconfigure.restdocs.RestDocsTestExecutionListener@3eec221b, org.springframework.boot.test.autoconfigure.web.client.MockRestServiceServerResetTestExecutionListener@367d083e, org.springframework.boot.test.autoconfigure.web.servlet.MockMvcPrintOnlyOnFailureTestExecutionListener@3c929623, org.springframework.boot.test.autoconfigure.web.servlet.WebDriverTestExecutionListener@67b2ea33, org.springframework.boot.test.autoconfigure.webservices.client.MockWebServiceServerTestExecutionListener@3891f024]
2022-05-28_18-13-33 [main] INFO  o.s.b.t.c.SpringBootTestContextBootstrapper - Neither @ContextConfiguration nor @ContextHierarchy found for test class [com.pms.authorization.model.JwtRequestTest], using SpringBootContextLoader
2022-05-28_18-13-33 [main] INFO  o.s.t.c.s.AbstractContextLoader - Could not detect default resource locations for test class [com.pms.authorization.model.JwtRequestTest]: no resource found for suffixes {-context.xml, Context.groovy}.
2022-05-28_18-13-33 [main] INFO  o.s.t.c.s.AnnotationConfigContextLoaderUtils - Could not detect default configuration classes for test class [com.pms.authorization.model.JwtRequestTest]: JwtRequestTest does not declare any static, non-private, non-final, nested classes annotated with @Configuration.
2022-05-28_18-13-33 [main] INFO  o.s.b.t.c.SpringBootTestContextBootstrapper - Found @SpringBootConfiguration com.pms.authorization.AuthorizationMicroserviceApplication for test class com.pms.authorization.model.JwtRequestTest
2022-05-28_18-13-33 [main] INFO  o.s.b.t.c.SpringBootTestContextBootstrapper - Loaded default TestExecutionListener class names from location [META-INF/spring.factories]: [org.springframework.security.test.context.support.WithSecurityContextTestExecutionListener, org.springframework.security.test.context.support.ReactorContextTestExecutionListener, org.springframework.test.context.web.ServletTestExecutionListener, org.springframework.test.context.support.DirtiesContextBeforeModesTestExecutionListener, org.springframework.test.context.event.ApplicationEventsTestExecutionListener, org.springframework.test.context.support.DependencyInjectionTestExecutionListener, org.springframework.test.context.support.DirtiesContextTestExecutionListener, org.springframework.test.context.transaction.TransactionalTestExecutionListener, org.springframework.test.context.jdbc.SqlScriptsTestExecutionListener, org.springframework.test.context.event.EventPublishingTestExecutionListener, org.springframework.boot.test.mock.mockito.MockitoTestExecutionListener, org.springframework.boot.test.mock.mockito.ResetMocksTestExecutionListener, org.springframework.boot.test.autoconfigure.restdocs.RestDocsTestExecutionListener, org.springframework.boot.test.autoconfigure.web.client.MockRestServiceServerResetTestExecutionListener, org.springframework.boot.test.autoconfigure.web.servlet.MockMvcPrintOnlyOnFailureTestExecutionListener, org.springframework.boot.test.autoconfigure.web.servlet.WebDriverTestExecutionListener, org.springframework.boot.test.autoconfigure.webservices.client.MockWebServiceServerTestExecutionListener]
2022-05-28_18-13-33 [main] INFO  o.s.b.t.c.SpringBootTestContextBootstrapper - Using TestExecutionListeners: [org.springframework.test.context.web.ServletTestExecutionListener@623e8e88, org.springframework.test.context.support.DirtiesContextBeforeModesTestExecutionListener@1ec5ade, org.springframework.test.context.event.ApplicationEventsTestExecutionListener@6d0acf9a, org.springframework.boot.test.mock.mockito.MockitoTestExecutionListener@747db396, org.springframework.boot.test.autoconfigure.SpringBootDependencyInjectionTestExecutionListener@6221295f, org.springframework.test.context.support.DirtiesContextTestExecutionListener@1f8a56f, org.springframework.test.context.transaction.TransactionalTestExecutionListener@3ab5ccd5, org.springframework.test.context.jdbc.SqlScriptsTestExecutionListener@234d2916, org.springframework.security.test.context.support.WithSecurityContextTestExecutionListener@48cd97f1, org.springframework.test.context.event.EventPublishingTestExecutionListener@cda805a, org.springframework.security.test.context.support.ReactorContextTestExecutionListener@189d3670, org.springframework.boot.test.mock.mockito.ResetMocksTestExecutionListener@52d2b9ec, org.springframework.boot.test.autoconfigure.restdocs.RestDocsTestExecutionListener@7604ce58, org.springframework.boot.test.autoconfigure.web.client.MockRestServiceServerResetTestExecutionListener@2e044892, org.springframework.boot.test.autoconfigure.web.servlet.MockMvcPrintOnlyOnFailureTestExecutionListener@5f5bc594, org.springframework.boot.test.autoconfigure.web.servlet.WebDriverTestExecutionListener@18011a4a, org.springframework.boot.test.autoconfigure.webservices.client.MockWebServiceServerTestExecutionListener@4827711c]
2022-05-28_18-13-33 [main] INFO  o.s.b.t.c.SpringBootTestContextBootstrapper - Neither @ContextConfiguration nor @ContextHierarchy found for test class [com.pms.authorization.model.JwtResponseTest], using SpringBootContextLoader
2022-05-28_18-13-33 [main] INFO  o.s.t.c.s.AbstractContextLoader - Could not detect default resource locations for test class [com.pms.authorization.model.JwtResponseTest]: no resource found for suffixes {-context.xml, Context.groovy}.
2022-05-28_18-13-33 [main] INFO  o.s.t.c.s.AnnotationConfigContextLoaderUtils - Could not detect default configuration classes for test class [com.pms.authorization.model.JwtResponseTest]: JwtResponseTest does not declare any static, non-private, non-final, nested classes annotated with @Configuration.
2022-05-28_18-13-33 [main] INFO  o.s.b.t.c.SpringBootTestContextBootstrapper - Found @SpringBootConfiguration com.pms.authorization.AuthorizationMicroserviceApplication for test class com.pms.authorization.model.JwtResponseTest
2022-05-28_18-13-33 [main] INFO  o.s.b.t.c.SpringBootTestContextBootstrapper - Loaded default TestExecutionListener class names from location [META-INF/spring.factories]: [org.springframework.security.test.context.support.WithSecurityContextTestExecutionListener, org.springframework.security.test.context.support.ReactorContextTestExecutionListener, org.springframework.test.context.web.ServletTestExecutionListener, org.springframework.test.context.support.DirtiesContextBeforeModesTestExecutionListener, org.springframework.test.context.event.ApplicationEventsTestExecutionListener, org.springframework.test.context.support.DependencyInjectionTestExecutionListener, org.springframework.test.context.support.DirtiesContextTestExecutionListener, org.springframework.test.context.transaction.TransactionalTestExecutionListener, org.springframework.test.context.jdbc.SqlScriptsTestExecutionListener, org.springframework.test.context.event.EventPublishingTestExecutionListener, org.springframework.boot.test.mock.mockito.MockitoTestExecutionListener, org.springframework.boot.test.mock.mockito.ResetMocksTestExecutionListener, org.springframework.boot.test.autoconfigure.restdocs.RestDocsTestExecutionListener, org.springframework.boot.test.autoconfigure.web.client.MockRestServiceServerResetTestExecutionListener, org.springframework.boot.test.autoconfigure.web.servlet.MockMvcPrintOnlyOnFailureTestExecutionListener, org.springframework.boot.test.autoconfigure.web.servlet.WebDriverTestExecutionListener, org.springframework.boot.test.autoconfigure.webservices.client.MockWebServiceServerTestExecutionListener]
2022-05-28_18-13-33 [main] INFO  o.s.b.t.c.SpringBootTestContextBootstrapper - Using TestExecutionListeners: [org.springframework.test.context.web.ServletTestExecutionListener@2294d35c, org.springframework.test.context.support.DirtiesContextBeforeModesTestExecutionListener@7f710b19, org.springframework.test.context.event.ApplicationEventsTestExecutionListener@4642b0f8, org.springframework.boot.test.mock.mockito.MockitoTestExecutionListener@7a80994a, org.springframework.boot.test.autoconfigure.SpringBootDependencyInjectionTestExecutionListener@7e0aab75, org.springframework.test.context.support.DirtiesContextTestExecutionListener@9d45e6e, org.springframework.test.context.transaction.TransactionalTestExecutionListener@5a42eadc, org.springframework.test.context.jdbc.SqlScriptsTestExecutionListener@24766217, org.springframework.security.test.context.support.WithSecurityContextTestExecutionListener@f8c34ef, org.springframework.test.context.event.EventPublishingTestExecutionListener@24002c5e, org.springframework.security.test.context.support.ReactorContextTestExecutionListener@69593608, org.springframework.boot.test.mock.mockito.ResetMocksTestExecutionListener@7ea887ee, org.springframework.boot.test.autoconfigure.restdocs.RestDocsTestExecutionListener@106dff98, org.springframework.boot.test.autoconfigure.web.client.MockRestServiceServerResetTestExecutionListener@352a4317, org.springframework.boot.test.autoconfigure.web.servlet.MockMvcPrintOnlyOnFailureTestExecutionListener@1563dacc, org.springframework.boot.test.autoconfigure.web.servlet.WebDriverTestExecutionListener@2f4ea879, org.springframework.boot.test.autoconfigure.webservices.client.MockWebServiceServerTestExecutionListener@50a00337]
2022-05-28_18-13-33 [main] INFO  o.s.b.t.c.SpringBootTestContextBootstrapper - Neither @ContextConfiguration nor @ContextHierarchy found for test class [com.pms.authorization.model.UserModelTest], using SpringBootContextLoader
2022-05-28_18-13-33 [main] INFO  o.s.t.c.s.AbstractContextLoader - Could not detect default resource locations for test class [com.pms.authorization.model.UserModelTest]: no resource found for suffixes {-context.xml, Context.groovy}.
2022-05-28_18-13-33 [main] INFO  o.s.t.c.s.AnnotationConfigContextLoaderUtils - Could not detect default configuration classes for test class [com.pms.authorization.model.UserModelTest]: UserModelTest does not declare any static, non-private, non-final, nested classes annotated with @Configuration.
2022-05-28_18-13-33 [main] INFO  o.s.b.t.c.SpringBootTestContextBootstrapper - Found @SpringBootConfiguration com.pms.authorization.AuthorizationMicroserviceApplication for test class com.pms.authorization.model.UserModelTest
2022-05-28_18-13-33 [main] INFO  o.s.b.t.c.SpringBootTestContextBootstrapper - Loaded default TestExecutionListener class names from location [META-INF/spring.factories]: [org.springframework.security.test.context.support.WithSecurityContextTestExecutionListener, org.springframework.security.test.context.support.ReactorContextTestExecutionListener, org.springframework.test.context.web.ServletTestExecutionListener, org.springframework.test.context.support.DirtiesContextBeforeModesTestExecutionListener, org.springframework.test.context.event.ApplicationEventsTestExecutionListener, org.springframework.test.context.support.DependencyInjectionTestExecutionListener, org.springframework.test.context.support.DirtiesContextTestExecutionListener, org.springframework.test.context.transaction.TransactionalTestExecutionListener, org.springframework.test.context.jdbc.SqlScriptsTestExecutionListener, org.springframework.test.context.event.EventPublishingTestExecutionListener, org.springframework.boot.test.mock.mockito.MockitoTestExecutionListener, org.springframework.boot.test.mock.mockito.ResetMocksTestExecutionListener, org.springframework.boot.test.autoconfigure.restdocs.RestDocsTestExecutionListener, org.springframework.boot.test.autoconfigure.web.client.MockRestServiceServerResetTestExecutionListener, org.springframework.boot.test.autoconfigure.web.servlet.MockMvcPrintOnlyOnFailureTestExecutionListener, org.springframework.boot.test.autoconfigure.web.servlet.WebDriverTestExecutionListener, org.springframework.boot.test.autoconfigure.webservices.client.MockWebServiceServerTestExecutionListener]
2022-05-28_18-13-33 [main] INFO  o.s.b.t.c.SpringBootTestContextBootstrapper - Using TestExecutionListeners: [org.springframework.test.context.web.ServletTestExecutionListener@3ccbc947, org.springframework.test.context.support.DirtiesContextBeforeModesTestExecutionListener@669cb3c7, org.springframework.test.context.event.ApplicationEventsTestExecutionListener@3675ad98, org.springframework.boot.test.mock.mockito.MockitoTestExecutionListener@2f1ff021, org.springframework.boot.test.autoconfigure.SpringBootDependencyInjectionTestExecutionListener@4d7c8574, org.springframework.test.context.support.DirtiesContextTestExecutionListener@4e7d1597, org.springframework.test.context.transaction.TransactionalTestExecutionListener@557f78ad, org.springframework.test.context.jdbc.SqlScriptsTestExecutionListener@53104db, org.springframework.security.test.context.support.WithSecurityContextTestExecutionListener@2c4f762c, org.springframework.test.context.event.EventPublishingTestExecutionListener@ab80f9f, org.springframework.security.test.context.support.ReactorContextTestExecutionListener@242ca475, org.springframework.boot.test.mock.mockito.ResetMocksTestExecutionListener@29b66bf7, org.springframework.boot.test.autoconfigure.restdocs.RestDocsTestExecutionListener@7e1f96fb, org.springframework.boot.test.autoconfigure.web.client.MockRestServiceServerResetTestExecutionListener@3411ba50, org.springframework.boot.test.autoconfigure.web.servlet.MockMvcPrintOnlyOnFailureTestExecutionListener@755fbfab, org.springframework.boot.test.autoconfigure.web.servlet.WebDriverTestExecutionListener@6fac8b24, org.springframework.boot.test.autoconfigure.webservices.client.MockWebServiceServerTestExecutionListener@6d066064]
2022-05-28_18-13-33 [main] INFO  o.s.b.t.a.o.j.DataJpaTestContextBootstrapper - Neither @ContextConfiguration nor @ContextHierarchy found for test class [com.pms.authorization.repository.UserDaoTest], using SpringBootContextLoader
2022-05-28_18-13-33 [main] INFO  o.s.t.c.s.AbstractContextLoader - Could not detect default resource locations for test class [com.pms.authorization.repository.UserDaoTest]: no resource found for suffixes {-context.xml, Context.groovy}.
2022-05-28_18-13-33 [main] INFO  o.s.t.c.s.AnnotationConfigContextLoaderUtils - Could not detect default configuration classes for test class [com.pms.authorization.repository.UserDaoTest]: UserDaoTest does not declare any static, non-private, non-final, nested classes annotated with @Configuration.
2022-05-28_18-13-33 [main] INFO  o.s.b.t.c.SpringBootTestContextBootstrapper - Found @SpringBootConfiguration com.pms.authorization.AuthorizationMicroserviceApplication for test class com.pms.authorization.repository.UserDaoTest
2022-05-28_18-13-33 [main] INFO  o.s.b.t.a.o.j.DataJpaTestContextBootstrapper - Loaded default TestExecutionListener class names from location [META-INF/spring.factories]: [org.springframework.security.test.context.support.WithSecurityContextTestExecutionListener, org.springframework.security.test.context.support.ReactorContextTestExecutionListener, org.springframework.test.context.web.ServletTestExecutionListener, org.springframework.test.context.support.DirtiesContextBeforeModesTestExecutionListener, org.springframework.test.context.event.ApplicationEventsTestExecutionListener, org.springframework.test.context.support.DependencyInjectionTestExecutionListener, org.springframework.test.context.support.DirtiesContextTestExecutionListener, org.springframework.test.context.transaction.TransactionalTestExecutionListener, org.springframework.test.context.jdbc.SqlScriptsTestExecutionListener, org.springframework.test.context.event.EventPublishingTestExecutionListener, org.springframework.boot.test.mock.mockito.MockitoTestExecutionListener, org.springframework.boot.test.mock.mockito.ResetMocksTestExecutionListener, org.springframework.boot.test.autoconfigure.restdocs.RestDocsTestExecutionListener, org.springframework.boot.test.autoconfigure.web.client.MockRestServiceServerResetTestExecutionListener, org.springframework.boot.test.autoconfigure.web.servlet.MockMvcPrintOnlyOnFailureTestExecutionListener, org.springframework.boot.test.autoconfigure.web.servlet.WebDriverTestExecutionListener, org.springframework.boot.test.autoconfigure.webservices.client.MockWebServiceServerTestExecutionListener]
2022-05-28_18-13-33 [main] INFO  o.s.b.t.a.o.j.DataJpaTestContextBootstrapper - Using TestExecutionListeners: [org.springframework.test.context.web.ServletTestExecutionListener@2a805829, org.springframework.test.context.support.DirtiesContextBeforeModesTestExecutionListener@4006d0cb, org.springframework.test.context.event.ApplicationEventsTestExecutionListener@4d5d8bdb, org.springframework.boot.test.mock.mockito.MockitoTestExecutionListener@59a0d7fd, org.springframework.boot.test.autoconfigure.SpringBootDependencyInjectionTestExecutionListener@71499df0, org.springframework.test.context.support.DirtiesContextTestExecutionListener@73f9b9a, org.springframework.test.context.transaction.TransactionalTestExecutionListener@261ddbf5, org.springframework.test.context.jdbc.SqlScriptsTestExecutionListener@79ddeff4, org.springframework.security.test.context.support.WithSecurityContextTestExecutionListener@44465b22, org.springframework.test.context.event.EventPublishingTestExecutionListener@3fdefb7b, org.springframework.security.test.context.support.ReactorContextTestExecutionListener@77544d06, org.springframework.boot.test.mock.mockito.ResetMocksTestExecutionListener@6160ae57, org.springframework.boot.test.autoconfigure.restdocs.RestDocsTestExecutionListener@17896612, org.springframework.boot.test.autoconfigure.web.client.MockRestServiceServerResetTestExecutionListener@5f4452bb, org.springframework.boot.test.autoconfigure.web.servlet.MockMvcPrintOnlyOnFailureTestExecutionListener@aad1828, org.springframework.boot.test.autoconfigure.web.servlet.WebDriverTestExecutionListener@6e5b0d3c, org.springframework.boot.test.autoconfigure.webservices.client.MockWebServiceServerTestExecutionListener@323e4f13]
2022-05-28_18-13-36 [main] INFO  c.p.a.repository.UserDaoTest - Starting UserDaoTest using Java 15.0.2 on LAPTOP-99L8IUMB with PID 7460 (started by KRITHIGA in G:\Spring and Angular\pms-springboot-microservices\authorization-microservice)
2022-05-28_18-13-36 [main] INFO  c.p.a.repository.UserDaoTest - No active profile set, falling back to default profiles: default
2022-05-28_18-13-36 [main] INFO  o.s.d.r.c.RepositoryConfigurationDelegate - Bootstrapping Spring Data JPA repositories in DEFAULT mode.
2022-05-28_18-13-36 [main] INFO  o.s.d.r.c.RepositoryConfigurationDelegate - Finished Spring Data repository scanning in 10 ms. Found 1 JPA repository interfaces.
2022-05-28_18-13-36 [main] INFO  o.s.b.t.a.j.TestDatabaseAutoConfiguration$EmbeddedDataSourceBeanFactoryPostProcessor - Replacing 'dataSource' DataSource bean with embedded version
2022-05-28_18-13-36 [main] INFO  o.s.j.d.e.EmbeddedDatabaseFactory - Starting embedded database: url='jdbc:h2:mem:aef34029-ba80-4965-9cc4-57a06c93c4ce;DB_CLOSE_DELAY=-1;DB_CLOSE_ON_EXIT=false', username='sa'
2022-05-28_18-13-36 [main] INFO  o.h.jpa.internal.util.LogHelper - HHH000204: Processing PersistenceUnitInfo [name: default]
2022-05-28_18-13-36 [main] INFO  org.hibernate.dialect.Dialect - HHH000400: Using dialect: org.hibernate.dialect.H2Dialect
2022-05-28_18-13-36 [main] INFO  o.h.e.t.j.p.i.JtaPlatformInitiator - HHH000490: Using JtaPlatform implementation: [org.hibernate.engine.transaction.jta.platform.internal.NoJtaPlatform]
2022-05-28_18-13-36 [main] INFO  o.s.o.j.LocalContainerEntityManagerFactoryBean - Initialized JPA EntityManagerFactory for persistence unit 'default'
2022-05-28_18-13-36 [main] INFO  c.p.a.repository.UserDaoTest - Started UserDaoTest in 0.4 seconds (JVM running for 28.323)
2022-05-28_18-13-36 [main] INFO  o.s.t.c.t.TransactionContext - Began transaction (1) for test context [DefaultTestContext@3db1ebbb testClass = UserDaoTest, testInstance = com.pms.authorization.repository.UserDaoTest@8289fba, testMethod = testUserDaoFindByName@UserDaoTest, testException = [null], mergedContextConfiguration = [MergedContextConfiguration@39cb865d testClass = UserDaoTest, locations = '{}', classes = '{class com.pms.authorization.AuthorizationMicroserviceApplication}', contextInitializerClasses = '[]', activeProfiles = '{}', propertySourceLocations = '{}', propertySourceProperties = '{org.springframework.boot.test.autoconfigure.orm.jpa.DataJpaTestContextBootstrapper=true}', contextCustomizers = set[[ImportsContextCustomizer@ba28d1b key = [org.springframework.boot.autoconfigure.cache.CacheAutoConfiguration, org.springframework.boot.autoconfigure.data.jpa.JpaRepositoriesAutoConfiguration, org.springframework.boot.autoconfigure.flyway.FlywayAutoConfiguration, org.springframework.boot.autoconfigure.jdbc.DataSourceAutoConfiguration, org.springframework.boot.autoconfigure.jdbc.DataSourceTransactionManagerAutoConfiguration, org.springframework.boot.autoconfigure.jdbc.JdbcTemplateAutoConfiguration, org.springframework.boot.autoconfigure.liquibase.LiquibaseAutoConfiguration, org.springframework.boot.autoconfigure.orm.jpa.HibernateJpaAutoConfiguration, org.springframework.boot.autoconfigure.transaction.TransactionAutoConfiguration, org.springframework.boot.test.autoconfigure.jdbc.TestDatabaseAutoConfiguration, org.springframework.boot.test.autoconfigure.orm.jpa.TestEntityManagerAutoConfiguration]], org.springframework.boot.test.context.filter.ExcludeFilterContextCustomizer@710b18a6, org.springframework.boot.test.json.DuplicateJsonObjectContextCustomizerFactory$DuplicateJsonObjectContextCustomizer@c055c54, org.springframework.boot.test.mock.mockito.MockitoContextCustomizer@57d2f8a5, org.springframework.boot.test.autoconfigure.OverrideAutoConfigurationContextCustomizerFactory$DisableAutoConfigurationContextCustomizer@122dc222, org.springframework.boot.test.autoconfigure.actuate.metrics.MetricsExportContextCustomizerFactory$DisableMetricExportContextCustomizer@704f1591, org.springframework.boot.test.autoconfigure.filter.TypeExcludeFiltersContextCustomizer@351584c0, org.springframework.boot.test.autoconfigure.properties.PropertyMappingContextCustomizer@7126389a, org.springframework.boot.test.autoconfigure.web.servlet.WebDriverContextCustomizerFactory$Customizer@7ac2e39b, org.springframework.boot.test.context.SpringBootTestArgs@1, org.springframework.boot.test.context.SpringBootTestWebEnvironment@0], contextLoader = 'org.springframework.boot.test.context.SpringBootContextLoader', parent = [null]], attributes = map['org.springframework.test.context.event.ApplicationEventsTestExecutionListener.recordApplicationEvents' -> false]]; transaction manager [org.springframework.orm.jpa.JpaTransactionManager@75541428]; rollback [true]
2022-05-28_18-13-36 [main] INFO  o.s.t.c.t.TransactionContext - Rolled back transaction for test: [DefaultTestContext@3db1ebbb testClass = UserDaoTest, testInstance = com.pms.authorization.repository.UserDaoTest@8289fba, testMethod = testUserDaoFindByName@UserDaoTest, testException = [null], mergedContextConfiguration = [MergedContextConfiguration@39cb865d testClass = UserDaoTest, locations = '{}', classes = '{class com.pms.authorization.AuthorizationMicroserviceApplication}', contextInitializerClasses = '[]', activeProfiles = '{}', propertySourceLocations = '{}', propertySourceProperties = '{org.springframework.boot.test.autoconfigure.orm.jpa.DataJpaTestContextBootstrapper=true}', contextCustomizers = set[[ImportsContextCustomizer@ba28d1b key = [org.springframework.boot.autoconfigure.cache.CacheAutoConfiguration, org.springframework.boot.autoconfigure.data.jpa.JpaRepositoriesAutoConfiguration, org.springframework.boot.autoconfigure.flyway.FlywayAutoConfiguration, org.springframework.boot.autoconfigure.jdbc.DataSourceAutoConfiguration, org.springframework.boot.autoconfigure.jdbc.DataSourceTransactionManagerAutoConfiguration, org.springframework.boot.autoconfigure.jdbc.JdbcTemplateAutoConfiguration, org.springframework.boot.autoconfigure.liquibase.LiquibaseAutoConfiguration, org.springframework.boot.autoconfigure.orm.jpa.HibernateJpaAutoConfiguration, org.springframework.boot.autoconfigure.transaction.TransactionAutoConfiguration, org.springframework.boot.test.autoconfigure.jdbc.TestDatabaseAutoConfiguration, org.springframework.boot.test.autoconfigure.orm.jpa.TestEntityManagerAutoConfiguration]], org.springframework.boot.test.context.filter.ExcludeFilterContextCustomizer@710b18a6, org.springframework.boot.test.json.DuplicateJsonObjectContextCustomizerFactory$DuplicateJsonObjectContextCustomizer@c055c54, org.springframework.boot.test.mock.mockito.MockitoContextCustomizer@57d2f8a5, org.springframework.boot.test.autoconfigure.OverrideAutoConfigurationContextCustomizerFactory$DisableAutoConfigurationContextCustomizer@122dc222, org.springframework.boot.test.autoconfigure.actuate.metrics.MetricsExportContextCustomizerFactory$DisableMetricExportContextCustomizer@704f1591, org.springframework.boot.test.autoconfigure.filter.TypeExcludeFiltersContextCustomizer@351584c0, org.springframework.boot.test.autoconfigure.properties.PropertyMappingContextCustomizer@7126389a, org.springframework.boot.test.autoconfigure.web.servlet.WebDriverContextCustomizerFactory$Customizer@7ac2e39b, org.springframework.boot.test.context.SpringBootTestArgs@1, org.springframework.boot.test.context.SpringBootTestWebEnvironment@0], contextLoader = 'org.springframework.boot.test.context.SpringBootContextLoader', parent = [null]], attributes = map['org.springframework.test.context.event.ApplicationEventsTestExecutionListener.recordApplicationEvents' -> false]]
2022-05-28_18-13-36 [main] INFO  o.s.b.t.c.SpringBootTestContextBootstrapper - Neither @ContextConfiguration nor @ContextHierarchy found for test class [com.pms.authorization.service.JwtUserDetailsServiceTest], using SpringBootContextLoader
2022-05-28_18-13-36 [main] INFO  o.s.t.c.s.AbstractContextLoader - Could not detect default resource locations for test class [com.pms.authorization.service.JwtUserDetailsServiceTest]: no resource found for suffixes {-context.xml, Context.groovy}.
2022-05-28_18-13-36 [main] INFO  o.s.t.c.s.AnnotationConfigContextLoaderUtils - Could not detect default configuration classes for test class [com.pms.authorization.service.JwtUserDetailsServiceTest]: JwtUserDetailsServiceTest does not declare any static, non-private, non-final, nested classes annotated with @Configuration.
2022-05-28_18-13-36 [main] INFO  o.s.b.t.c.SpringBootTestContextBootstrapper - Found @SpringBootConfiguration com.pms.authorization.AuthorizationMicroserviceApplication for test class com.pms.authorization.service.JwtUserDetailsServiceTest
2022-05-28_18-13-36 [main] INFO  o.s.b.t.c.SpringBootTestContextBootstrapper - Loaded default TestExecutionListener class names from location [META-INF/spring.factories]: [org.springframework.security.test.context.support.WithSecurityContextTestExecutionListener, org.springframework.security.test.context.support.ReactorContextTestExecutionListener, org.springframework.test.context.web.ServletTestExecutionListener, org.springframework.test.context.support.DirtiesContextBeforeModesTestExecutionListener, org.springframework.test.context.event.ApplicationEventsTestExecutionListener, org.springframework.test.context.support.DependencyInjectionTestExecutionListener, org.springframework.test.context.support.DirtiesContextTestExecutionListener, org.springframework.test.context.transaction.TransactionalTestExecutionListener, org.springframework.test.context.jdbc.SqlScriptsTestExecutionListener, org.springframework.test.context.event.EventPublishingTestExecutionListener, org.springframework.boot.test.mock.mockito.MockitoTestExecutionListener, org.springframework.boot.test.mock.mockito.ResetMocksTestExecutionListener, org.springframework.boot.test.autoconfigure.restdocs.RestDocsTestExecutionListener, org.springframework.boot.test.autoconfigure.web.client.MockRestServiceServerResetTestExecutionListener, org.springframework.boot.test.autoconfigure.web.servlet.MockMvcPrintOnlyOnFailureTestExecutionListener, org.springframework.boot.test.autoconfigure.web.servlet.WebDriverTestExecutionListener, org.springframework.boot.test.autoconfigure.webservices.client.MockWebServiceServerTestExecutionListener]
2022-05-28_18-13-36 [main] INFO  o.s.b.t.c.SpringBootTestContextBootstrapper - Using TestExecutionListeners: [org.springframework.test.context.web.ServletTestExecutionListener@6bb59fa4, org.springframework.test.context.support.DirtiesContextBeforeModesTestExecutionListener@55cedfda, org.springframework.test.context.event.ApplicationEventsTestExecutionListener@4a114a53, org.springframework.boot.test.mock.mockito.MockitoTestExecutionListener@7d8e1e59, org.springframework.boot.test.autoconfigure.SpringBootDependencyInjectionTestExecutionListener@3a01f6f3, org.springframework.test.context.support.DirtiesContextTestExecutionListener@1992ce66, org.springframework.test.context.transaction.TransactionalTestExecutionListener@59114cd5, org.springframework.test.context.jdbc.SqlScriptsTestExecutionListener@54e0ed78, org.springframework.security.test.context.support.WithSecurityContextTestExecutionListener@61632f79, org.springframework.test.context.event.EventPublishingTestExecutionListener@6e8d2ccd, org.springframework.security.test.context.support.ReactorContextTestExecutionListener@3d29a22d, org.springframework.boot.test.mock.mockito.ResetMocksTestExecutionListener@6e7103dd, org.springframework.boot.test.autoconfigure.restdocs.RestDocsTestExecutionListener@1691e18d, org.springframework.boot.test.autoconfigure.web.client.MockRestServiceServerResetTestExecutionListener@11fd4cd6, org.springframework.boot.test.autoconfigure.web.servlet.MockMvcPrintOnlyOnFailureTestExecutionListener@61b5ac0e, org.springframework.boot.test.autoconfigure.web.servlet.WebDriverTestExecutionListener@7bc340e, org.springframework.boot.test.autoconfigure.webservices.client.MockWebServiceServerTestExecutionListener@1eb830fd]
2022-05-28_18-13-36 [main] INFO  c.p.a.service.JwtUserDetailsService - User found
2022-05-28_18-13-36 [main] INFO  c.p.a.service.JwtUserDetailsService - user successfully located
2022-05-28_18-13-36 [SpringContextShutdownHook] INFO  o.s.o.j.LocalContainerEntityManagerFactoryBean - Closing JPA EntityManagerFactory for persistence unit 'default'
2022-05-28_18-13-36 [SpringContextShutdownHook] INFO  o.h.t.s.i.SchemaDropperImpl$DelayedDropActionImpl - HHH000477: Starting delayed evictData of schema as part of SessionFactory shut-down'
2022-05-28_18-13-36 [SpringContextShutdownHook] INFO  o.s.s.c.ThreadPoolTaskExecutor - Shutting down ExecutorService 'applicationTaskExecutor'
2022-05-28_18-13-36 [SpringContextShutdownHook] INFO  o.s.s.c.ThreadPoolTaskExecutor - Shutting down ExecutorService 'applicationTaskExecutor'
2022-05-28_18-13-36 [SpringContextShutdownHook] INFO  o.s.s.c.ThreadPoolTaskExecutor - Shutting down ExecutorService 'applicationTaskExecutor'
2022-05-28_18-13-36 [SpringContextShutdownHook] INFO  o.s.o.j.LocalContainerEntityManagerFactoryBean - Closing JPA EntityManagerFactory for persistence unit 'default'
2022-05-28_18-13-36 [SpringContextShutdownHook] INFO  o.s.o.j.LocalContainerEntityManagerFactoryBean - Closing JPA EntityManagerFactory for persistence unit 'default'
2022-05-28_18-13-36 [SpringContextShutdownHook] INFO  o.h.t.s.i.SchemaDropperImpl$DelayedDropActionImpl - HHH000477: Starting delayed evictData of schema as part of SessionFactory shut-down'
2022-05-28_18-13-36 [SpringContextShutdownHook] INFO  o.s.o.j.LocalContainerEntityManagerFactoryBean - Closing JPA EntityManagerFactory for persistence unit 'default'
2022-05-28_18-13-36 [SpringContextShutdownHook] INFO  o.h.t.s.i.SchemaDropperImpl$DelayedDropActionImpl - HHH000477: Starting delayed evictData of schema as part of SessionFactory shut-down'
2022-05-28_18-13-36 [SpringContextShutdownHook] INFO  o.h.t.s.i.SchemaDropperImpl$DelayedDropActionImpl - HHH000477: Starting delayed evictData of schema as part of SessionFactory shut-down'
2022-05-28_18-13-36 [SpringContextShutdownHook] INFO  o.s.s.c.ThreadPoolTaskExecutor - Shutting down ExecutorService 'applicationTaskExecutor'
2022-05-28_18-13-36 [SpringContextShutdownHook] INFO  o.s.o.j.LocalContainerEntityManagerFactoryBean - Closing JPA EntityManagerFactory for persistence unit 'default'
2022-05-28_18-13-36 [SpringContextShutdownHook] INFO  o.h.t.s.i.SchemaDropperImpl$DelayedDropActionImpl - HHH000477: Starting delayed evictData of schema as part of SessionFactory shut-down'
2022-05-28_18-13-36 [SpringContextShutdownHook] INFO  com.zaxxer.hikari.HikariDataSource - HikariPool-3 - Shutdown initiated...
2022-05-28_18-13-36 [SpringContextShutdownHook] INFO  com.zaxxer.hikari.HikariDataSource - HikariPool-4 - Shutdown initiated...
2022-05-28_18-13-36 [SpringContextShutdownHook] INFO  com.zaxxer.hikari.HikariDataSource - HikariPool-1 - Shutdown initiated...
2022-05-28_18-13-36 [SpringContextShutdownHook] INFO  com.zaxxer.hikari.HikariDataSource - HikariPool-5 - Shutdown initiated...
2022-05-28_18-13-36 [SpringContextShutdownHook] INFO  com.zaxxer.hikari.HikariDataSource - HikariPool-3 - Shutdown completed.
2022-05-28_18-13-36 [SpringContextShutdownHook] INFO  com.zaxxer.hikari.HikariDataSource - HikariPool-1 - Shutdown completed.
2022-05-28_18-13-36 [SpringContextShutdownHook] INFO  com.zaxxer.hikari.HikariDataSource - HikariPool-5 - Shutdown completed.
2022-05-28_18-13-36 [SpringContextShutdownHook] INFO  com.zaxxer.hikari.HikariDataSource - HikariPool-4 - Shutdown completed.
2022-05-28_18-13-36 [SpringContextShutdownHook] INFO  o.s.s.c.ThreadPoolTaskExecutor - Shutting down ExecutorService 'applicationTaskExecutor'
2022-05-28_18-13-36 [SpringContextShutdownHook] INFO  o.s.o.j.LocalContainerEntityManagerFactoryBean - Closing JPA EntityManagerFactory for persistence unit 'default'
2022-05-28_18-13-36 [SpringContextShutdownHook] INFO  o.h.t.s.i.SchemaDropperImpl$DelayedDropActionImpl - HHH000477: Starting delayed evictData of schema as part of SessionFactory shut-down'
2022-05-28_18-13-36 [SpringContextShutdownHook] INFO  com.zaxxer.hikari.HikariDataSource - HikariPool-2 - Shutdown initiated...
2022-05-28_18-13-36 [SpringContextShutdownHook] INFO  com.zaxxer.hikari.HikariDataSource - HikariPool-2 - Shutdown completed.
